{"timestamp":"2025-10-28 23:43:35","to":"test@example.com","subject":"Test Email - UphoCare System","success":"NO","status":"FAILED"}
{"timestamp":"2025-10-31 11:58:07","to":"merlyn.villame@gmail.com","subject":"Reservation Approved - BKG-20250125-0002","success":"NO","status":"FAILED"}
{"timestamp":"2025-11-08 17:42:21","to":"merlyn.batonghinog@gmail.com","subject":"Admin Account Verification Code - UphoCare","success":"NO","status":"FAILED"}
{"timestamp":"2025-11-08 17:52:45","to":"khayelinfantado@gmail.com","subject":"Admin Account Verification Code - UphoCare","success":"NO","status":"FAILED"}
{"timestamp":"2025-11-08 17:55:10","to":"paulinequindo@gmail.com","subject":"Admin Account Verification Code - UphoCare","success":"NO","status":"FAILED"}
{"timestamp":"2025-11-10 12:06:40","to":"merlyn.batonghinog@gmail.com","subject":"Admin Account Verification Code - UphoCare","success":"NO","status":"FAILED (mail())"}
{"timestamp":"2025-11-10 12:24:22","to":"merlyn.lagrimas122021@gmail.com","subject":"Admin Account Verification Code - UphoCare","success":"NO","status":"FAILED (mail())"}
{"timestamp":"2025-11-10 15:53:08","to":"merlyn.lagrimas122021@gmail.com","subject":"Admin Account Verification Code - UphoCare","success":"NO","status":"INVALID PASSWORD: Invalid Gmail App Password: Password must be 16 characters (Gmail App Password). Current password is only 7 characters."}
{"timestamp":"2025-11-10 16:52:58","to":"merlyn.lagrimas122021@gmail.com","subject":"Admin Account Verification Code - UphoCare","success":"YES","status":"SUCCESS (PHPMailer)"}
{"timestamp":"2025-11-10 17:07:40","to":"merlyn.lagrimas122021@gmail.com","subject":"Admin Account Verification Code - UphoCare","success":"YES","status":"SUCCESS (PHPMailer)"}
{"timestamp":"2025-11-10 17:42:26","to":"merlyn.villame@bisu.edu.ph","subject":"Admin Account Verification Code - UphoCare","success":"YES","status":"SUCCESS (PHPMailer)"}
{"timestamp":"2025-11-10 17:46:56","to":"merlyn.villame@bisu.edu.ph","subject":"Admin Account Verification Code - UphoCare","success":"YES","status":"SUCCESS (PHPMailer)"}
{"timestamp":"2025-11-10 17:49:51","to":"merlyn.villame@bisu.edu.ph","subject":"Admin Account Verification Code - UphoCare","success":"YES","status":"SUCCESS (PHPMailer)"}
{"timestamp":"2025-11-10 17:50:29","to":"merlyn.villame@bisu.edu.ph","subject":"Admin Account Verification Code - UphoCare","success":"YES","status":"SUCCESS (PHPMailer)"}
{"timestamp":"2025-11-10 17:51:12","to":"merlyn.villame@bisu.edu.ph","subject":"Admin Account Verification Code - UphoCare","success":"YES","status":"SUCCESS (PHPMailer)"}
{"timestamp":"2025-11-10 18:08:41","to":"merlyn.lagrimas122021@gmail.com","subject":"Admin Account Approved - Verification Code - UphoCare","success":"YES","status":"SUCCESS (PHPMailer)"}
{"timestamp":"2025-11-11 13:17:00","to":"khayelmagallen@gmail.com","subject":"Admin Account Approved - Verification Code - UphoCare","success":"YES","status":"SUCCESS (PHPMailer)"}
{"timestamp":"2025-11-11 17:09:32","to":"jimskyle.infantado@bisu.edu.ph","subject":"Admin Account Approved - Verification Code - UphoCare","success":"YES","status":"SUCCESS (PHPMailer)"}
{"timestamp":"2025-11-11 18:04:50","to":"merlyn.villame@bisu.edu.ph","subject":"Booking Confirmed - BKG-20250125-0003","success":"YES","status":"SUCCESS (PHPMailer)"}
{"timestamp":"2025-11-13 10:02:09","to":"merlyn.villame@bisu.edu.ph","subject":"Booking Confirmed - BKG-20250125-0004","success":"YES","status":"SUCCESS (PHPMailer)"}
{"timestamp":"2025-11-17 09:22:44","to":"merlyn.villame@bisu.edu.ph","subject":"Booking Confirmed - BKG-20250125-0005","success":"NO","status":"PHPMailer Error: SMTP Error: Could not connect to SMTP host. Failed to connect to server"}
{"timestamp":"2025-11-20 10:28:33","to":null,"subject":"Reservation Update - BKG-20251025-0001","success":"NO","status":"PHPMailer Error: Invalid address:  (to): "}
{"timestamp":"2025-11-23 22:18:04","to":"merlyn.villame@bisu.edu.ph","subject":"Booking Confirmed - Queue #6","success":"YES","status":"SUCCESS (PHPMailer)"}
{"timestamp":"2025-11-23 22:18:10","to":"merlyn.villame@bisu.edu.ph","subject":"Your Queue Number: Queue #6","success":"YES","status":"SUCCESS (PHPMailer)"}
{"timestamp":"2025-11-24 14:13:16","to":"merlyn.villame@bisu.edu.ph","subject":"Your Queue Number: Queue #6","success":"YES","status":"SUCCESS (PHPMailer)"}
{"timestamp":"2025-11-24 14:13:20","to":"merlyn.villame@bisu.edu.ph","subject":"Booking Confirmed - Queue #6","success":"YES","status":"SUCCESS (PHPMailer)"}
{"timestamp":"2025-11-24 14:15:01","to":"merlyn.villame@bisu.edu.ph","subject":"Your Queue Number: Queue #6","success":"YES","status":"SUCCESS (PHPMailer)"}
{"timestamp":"2025-11-24 14:15:05","to":"merlyn.villame@bisu.edu.ph","subject":"Booking Confirmed - Queue #6","success":"YES","status":"SUCCESS (PHPMailer)"}
{"timestamp":"2025-11-24 15:59:40","to":"merlyn.villame@bisu.edu.ph","subject":"Booking Confirmed - ","success":"YES","status":"SUCCESS (PHPMailer)"}
{"timestamp":"2025-11-24 16:00:24","to":"merlyn.villame@bisu.edu.ph","subject":"Your Queue Number: Queue #7","success":"YES","status":"SUCCESS (PHPMailer)"}
{"timestamp":"2025-11-24 16:00:30","to":"merlyn.villame@bisu.edu.ph","subject":"Booking Confirmed - Queue #7","success":"YES","status":"SUCCESS (PHPMailer)"}
{"timestamp":"2025-11-24 16:36:42","to":"merlyn.villame@bisu.edu.ph","subject":"Booking Confirmed - Queue #0002","success":"YES","status":"SUCCESS (PHPMailer)"}
{"timestamp":"2025-11-24 16:36:47","to":"merlyn.villame@bisu.edu.ph","subject":"Your Queue Number: Queue #0002","success":"YES","status":"SUCCESS (PHPMailer)"}
{"timestamp":"2025-11-24 16:37:55","to":"merlyn.villame@bisu.edu.ph","subject":"Your Queue Number: Queue #0002","success":"YES","status":"SUCCESS (PHPMailer)"}
{"timestamp":"2025-11-24 16:38:00","to":"merlyn.villame@bisu.edu.ph","subject":"Booking Confirmed - Queue #0002","success":"YES","status":"SUCCESS (PHPMailer)"}
{"timestamp":"2025-11-24 17:25:19","to":"merlyn.villame@bisu.edu.ph","subject":"Your Queue Number: Queue #6","success":"YES","status":"SUCCESS (PHPMailer)"}
{"timestamp":"2025-11-24 17:25:25","to":"merlyn.villame@bisu.edu.ph","subject":"Booking Confirmed - Queue #6","success":"YES","status":"SUCCESS (PHPMailer)"}
{"timestamp":"2025-11-24 17:33:46","to":"merlyn.batonghinog@gmail.com","subject":"Admin Account Approved - Verification Code - UphoCare","success":"YES","status":"SUCCESS (PHPMailer)"}
{"timestamp":"2025-11-24 17:35:46","to":"merlyn.batonghinog@gmail.com","subject":"Booking Confirmed - Queue #0003","success":"YES","status":"SUCCESS (PHPMailer)"}
{"timestamp":"2025-11-24 17:35:52","to":"merlyn.batonghinog@gmail.com","subject":"Your Queue Number: Queue #0003","success":"YES","status":"SUCCESS (PHPMailer)"}
{"timestamp":"2025-11-24 17:36:52","to":"merlyn.batonghinog@gmail.com","subject":"Your Queue Number: Queue #0003","success":"YES","status":"SUCCESS (PHPMailer)"}
{"timestamp":"2025-11-24 17:36:58","to":"merlyn.batonghinog@gmail.com","subject":"Booking Confirmed - Queue #0003","success":"YES","status":"SUCCESS (PHPMailer)"}
{"timestamp":"2025-11-25 09:20:24","to":"merlyn.batonghinog@gmail.com","subject":"Booking Confirmed - Queue #0001","success":"YES","status":"SUCCESS (PHPMailer)"}
{"timestamp":"2025-11-25 09:20:29","to":"merlyn.batonghinog@gmail.com","subject":"Your Queue Number: Queue #0001","success":"YES","status":"SUCCESS (PHPMailer)"}
{"timestamp":"2025-11-25 09:21:35","to":"merlyn.batonghinog@gmail.com","subject":"Reservation Approved - Ready for Repair - Queue #0001","success":"YES","status":"SUCCESS (PHPMailer)"}
{"timestamp":"2025-11-25 10:29:28","to":"merlyn.batonghinog@gmail.com","subject":"Reservation Approved - Ready for Repair - Queue #0001","success":"YES","status":"SUCCESS (PHPMailer)"}
{"timestamp":"2025-11-25 10:31:27","to":"merlyn.batonghinog@gmail.com","subject":"Reservation Approved - Ready for Repair - Queue #0001","success":"YES","status":"SUCCESS (PHPMailer)"}
{"timestamp":"2025-11-25 10:36:43","to":"merlyn.batonghinog@gmail.com","subject":"Reservation Approved - Ready for Repair - Queue #0001","success":"YES","status":"SUCCESS (PHPMailer)"}
{"timestamp":"2025-11-25 10:45:53","to":"merlyn.batonghinog@gmail.com","subject":"Reservation Approved - Ready for Repair - Queue #0001","success":"YES","status":"SUCCESS (PHPMailer)"}
{"timestamp":"2025-11-25 10:47:44","to":"merlyn.batonghinog@gmail.com","subject":"Reservation Approved - Ready for Repair - Queue #0001","success":"YES","status":"SUCCESS (PHPMailer)"}
{"timestamp":"2025-11-25 10:48:05","to":"merlyn.batonghinog@gmail.com","subject":"Reservation Approved - Ready for Repair - Queue #0001","success":"YES","status":"SUCCESS (PHPMailer)"}
{"timestamp":"2025-11-25 10:54:24","to":"merlyn.batonghinog@gmail.com","subject":"Reservation Approved - Ready for Repair - Queue #0001","success":"YES","status":"SUCCESS (PHPMailer)"}
{"timestamp":"2025-11-25 16:16:42","to":"merlyn.batonghinog@gmail.com","subject":"Reservation Approved - Ready for Repair - Queue #0003","success":"YES","status":"SUCCESS (PHPMailer)"}
{"timestamp":"2025-12-02 11:12:11","to":"merlyn.batonghinog@gmail.com","subject":"Booking Confirmed - Queue #0001","success":"YES","status":"SUCCESS (PHPMailer)"}
{"timestamp":"2025-12-02 11:12:16","to":"merlyn.batonghinog@gmail.com","subject":"Your Queue Number: Queue #0001","success":"YES","status":"SUCCESS (PHPMailer)"}
{"timestamp":"2025-12-02 11:52:26","to":"merlyn.batonghinog@gmail.com","subject":"Reservation Update - Queue #0001","success":"YES","status":"SUCCESS (PHPMailer)"}
{"timestamp":"2025-12-02 11:53:24","to":"merlyn.batonghinog@gmail.com","subject":"Booking Confirmed - Queue #0002","success":"YES","status":"SUCCESS (PHPMailer)"}
{"timestamp":"2025-12-02 11:53:29","to":"merlyn.batonghinog@gmail.com","subject":"Your Queue Number: Queue #0002","success":"YES","status":"SUCCESS (PHPMailer)"}
{"timestamp":"2025-12-02 11:56:05","to":"merlyn.batonghinog@gmail.com","subject":"Reservation Approved - Ready for Repair - Queue #0002","success":"YES","status":"SUCCESS (PHPMailer)"}
{"timestamp":"2025-12-02 12:13:22","to":"merlyn.batonghinog@gmail.com","subject":"Booking Confirmed - Queue #0003","success":"YES","status":"SUCCESS (PHPMailer)"}
{"timestamp":"2025-12-02 12:13:28","to":"merlyn.batonghinog@gmail.com","subject":"Your Queue Number: Queue #0003","success":"YES","status":"SUCCESS (PHPMailer)"}
{"timestamp":"2025-12-02 12:14:58","to":"merlyn.batonghinog@gmail.com","subject":"Reservation Approved - Ready for Repair - Queue #0003","success":"YES","status":"SUCCESS (PHPMailer)"}
{"timestamp":"2025-12-02 22:13:53","to":"merlyn.batonghinog@gmail.com","subject":"Booking Confirmed - Queue #0004","success":"YES","status":"SUCCESS (PHPMailer)"}
{"timestamp":"2025-12-02 22:13:59","to":"merlyn.batonghinog@gmail.com","subject":"Your Queue Number: Queue #0004","success":"YES","status":"SUCCESS (PHPMailer)"}
{"timestamp":"2025-12-03 10:31:01","to":"merlyn.batonghinog@gmail.com","subject":"Reservation Approved - Ready for Repair - Queue #0004","success":"YES","status":"SUCCESS (PHPMailer)"}
{"timestamp":"2025-12-03 23:06:21","to":"merlyn.batonghinog@gmail.com","subject":"Booking Confirmed - ","success":"YES","status":"SUCCESS (PHPMailer)"}
{"timestamp":"2025-12-03 23:59:55","to":"merlyn.batonghinog@gmail.com","subject":"Reservation Approved - Ready for Repair - Booking #21","success":"YES","status":"SUCCESS (PHPMailer)"}
{"timestamp":"2025-12-04 10:48:41","to":"merlyn.batonghinog@gmail.com","subject":"Reservation Approved - Ready for Repair - Booking #21","success":"YES","status":"SUCCESS (PHPMailer)"}
{"timestamp":"2025-12-04 11:06:08","to":"merlyn.batonghinog@gmail.com","subject":"Reservation Approved - Ready for Repair - Booking #21","success":"YES","status":"SUCCESS (PHPMailer)"}
{"timestamp":"2025-12-04 11:41:20","to":"merlyn.batonghinog@gmail.com","subject":"Reservation Approved - Ready for Repair - Booking #21","success":"YES","status":"SUCCESS (PHPMailer)"}
{"timestamp":"2025-12-04 11:58:24","to":"merlyn.batonghinog@gmail.com","subject":"Reservation Approved - Ready for Repair - Booking #21","success":"YES","status":"SUCCESS (PHPMailer)"}
{"timestamp":"2025-12-04 12:05:11","to":"merlyn.batonghinog@gmail.com","subject":"Reservation Approved - Ready for Repair - Booking #21","success":"YES","status":"SUCCESS (PHPMailer)"}
{"timestamp":"2025-12-04 12:10:43","to":"merlyn.batonghinog@gmail.com","subject":"Reservation Approved - Ready for Repair - Booking #21","success":"YES","status":"SUCCESS (PHPMailer)"}
{"timestamp":"2025-12-04 12:18:45","to":"merlyn.batonghinog@gmail.com","subject":"Reservation Approved - Ready for Repair - Booking #21","success":"YES","status":"SUCCESS (PHPMailer)"}
{"timestamp":"2025-12-04 12:24:58","to":"merlyn.batonghinog@gmail.com","subject":"Reservation Approved - Ready for Repair - Booking #21","success":"YES","status":"SUCCESS (PHPMailer)"}
{"timestamp":"2025-12-04 12:26:13","to":"merlyn.batonghinog@gmail.com","subject":"Booking Confirmed - ","success":"YES","status":"SUCCESS (PHPMailer)"}
{"timestamp":"2025-12-04 12:27:38","to":"merlyn.batonghinog@gmail.com","subject":"Reservation Approved - Ready for Repair - Booking #22","success":"YES","status":"SUCCESS (PHPMailer)"}
{"timestamp":"2025-12-04 12:38:41","to":"merlyn.batonghinog@gmail.com","subject":"Reservation Approved - Ready for Repair - Booking #22","success":"YES","status":"SUCCESS (PHPMailer)"}
{"timestamp":"2025-12-04 12:40:43","to":"merlyn.batonghinog@gmail.com","subject":"Reservation Approved - Ready for Repair - Booking #22","success":"YES","status":"SUCCESS (PHPMailer)"}
{"timestamp":"2025-12-04 12:46:30","to":"merlyn.batonghinog@gmail.com","subject":"Reservation Approved - Ready for Repair - Booking #22","success":"YES","status":"SUCCESS (PHPMailer)"}
{"timestamp":"2025-12-04 12:52:58","to":"merlyn.batonghinog@gmail.com","subject":"Reservation Approved - Ready for Repair - Booking #22","success":"YES","status":"SUCCESS (PHPMailer)"}
{"timestamp":"2025-12-05 17:57:32","to":"merlyn.batonghinog@gmail.com","subject":"Reservation Approved - Ready for Repair - Booking #18","success":"YES","status":"SUCCESS (PHPMailer)"}
{"timestamp":"2025-12-06 10:14:21","to":"merlyn.batonghinog@gmail.com","subject":"Reservation Approved - Ready for Repair - Booking #21","success":"YES","status":"SUCCESS (PHPMailer)"}
{"timestamp":"2025-12-06 13:50:49","to":"merlyn.batonghinog@gmail.com","subject":"Payment Receipt - Booking #21","success":"YES","status":"SUCCESS (PHPMailer)"}
{"timestamp":"2025-12-06 14:00:56","to":"merlyn.batonghinog@gmail.com","subject":"Payment Receipt - Booking #21","success":"YES","status":"SUCCESS (PHPMailer)"}
{"timestamp":"2025-12-06 14:49:48","to":"merlyn.batonghinog@gmail.com","subject":"Payment Receipt - Booking #21","success":"YES","status":"SUCCESS (PHPMailer)"}
{"timestamp":"2025-12-06 15:21:15","to":"merlyn.batonghinog@gmail.com","subject":"Payment Receipt - Booking #21","success":"YES","status":"SUCCESS (PHPMailer)"}
{"timestamp":"2025-12-06 15:40:56","to":"merlyn.batonghinog@gmail.com","subject":"Payment Receipt - Booking #21","success":"YES","status":"SUCCESS (PHPMailer)"}
{"timestamp":"2025-12-06 16:10:49","to":"merlyn.batonghinog@gmail.com","subject":"Payment Receipt - Booking #21","success":"YES","status":"SUCCESS (PHPMailer)"}
{"timestamp":"2025-12-06 16:26:01","to":"merlyn.batonghinog@gmail.com","subject":"Payment Receipt - Booking #21","success":"YES","status":"SUCCESS (PHPMailer)"}
{"timestamp":"2025-12-06 17:15:50","to":"merlyn.batonghinog@gmail.com","subject":"Payment Receipt - Booking #21","success":"YES","status":"SUCCESS (PHPMailer)"}
{"timestamp":"2025-12-07 16:42:16","to":"merlyn.batonghinog@gmail.com","subject":"Reservation Approved - Ready for Repair - Booking #20","success":"YES","status":"SUCCESS (PHPMailer)"}
{"timestamp":"2025-12-07 16:42:20","to":"merlyn.batonghinog@gmail.com","subject":"Reservation Approved - Ready for Repair - Booking #20","success":"YES","status":"SUCCESS (PHPMailer)"}
{"timestamp":"2025-12-07 16:43:39","to":"merlyn.batonghinog@gmail.com","subject":"Booking Confirmed - ","success":"YES","status":"SUCCESS (PHPMailer)"}
{"timestamp":"2025-12-07 16:44:51","to":"merlyn.batonghinog@gmail.com","subject":"Reservation Approved - Ready for Repair - Booking #23","success":"YES","status":"SUCCESS (PHPMailer)"}
{"timestamp":"2025-12-07 16:45:07","to":"merlyn.batonghinog@gmail.com","subject":"Reservation Approved - Ready for Repair - Booking #23","success":"YES","status":"SUCCESS (PHPMailer)"}
{"timestamp":"2025-12-07 16:45:41","to":"merlyn.batonghinog@gmail.com","subject":"Reservation Approved - Ready for Repair - Booking #23","success":"YES","status":"SUCCESS (PHPMailer)"}
{"timestamp":"2025-12-07 17:08:28","to":"merlyn.batonghinog@gmail.com","subject":"Booking Confirmed - ","success":"YES","status":"SUCCESS (PHPMailer)"}
{"timestamp":"2025-12-07 18:03:39","to":"merlyn.batonghinog@gmail.com","subject":"Payment Receipt - Booking #24","success":"YES","status":"SUCCESS (PHPMailer)"}
{"timestamp":"2025-12-07 23:01:02","to":"merlyn.batonghinog@gmail.com","subject":"Booking Confirmed - ","success":"YES","status":"SUCCESS (PHPMailer)"}
{"timestamp":"2025-12-07 23:54:58","to":"merlyn.batonghinog@gmail.com","subject":"Official Receipt - OR-20251207-0016 - UpholCare","success":"YES","status":"SUCCESS (PHPMailer)"}
{"timestamp":"2025-12-08 11:40:38","to":"merlyn.batonghinog@gmail.com","subject":"Booking Confirmed - ","success":"YES","status":"SUCCESS (PHPMailer)"}
{"timestamp":"2025-12-08 12:05:32","to":"merlyn.batonghinog@gmail.com","subject":"Booking Accepted - Bring Item to Shop - Booking #25","success":"YES","status":"SUCCESS (PHPMailer)"}
{"timestamp":"2025-12-08 12:12:04","to":"merlyn.batonghinog@gmail.com","subject":"Booking Accepted - Bring Item to Shop - Booking #25","success":"YES","status":"SUCCESS (PHPMailer)"}
{"timestamp":"2025-12-08 12:27:10","to":"merlyn.batonghinog@gmail.com","subject":"Booking Accepted - Bring Item to Shop - Booking #25","success":"YES","status":"SUCCESS (PHPMailer)"}
{"timestamp":"2025-12-08 13:07:40","to":"merlyn.batonghinog@gmail.com","subject":"Booking Accepted - Bring Item to Shop - Booking #25","success":"YES","status":"SUCCESS (PHPMailer)"}
{"timestamp":"2025-12-08 13:08:18","to":"merlyn.batonghinog@gmail.com","subject":"Booking Accepted - Bring Item to Shop - Booking #25","success":"YES","status":"SUCCESS (PHPMailer)"}
{"timestamp":"2025-12-08 13:24:37","to":"merlyn.batonghinog@gmail.com","subject":"Booking Accepted - Bring Item to Shop - Booking #25","success":"YES","status":"SUCCESS (PHPMailer)"}
{"timestamp":"2025-12-08 13:27:15","to":"merlyn.batonghinog@gmail.com","subject":"Booking Accepted - Bring Item to Shop - Booking #25","success":"YES","status":"SUCCESS (PHPMailer)"}
{"timestamp":"2025-12-08 13:34:18","to":"merlyn.batonghinog@gmail.com","subject":"Booking Accepted - Bring Item to Shop - Booking #25","success":"YES","status":"SUCCESS (PHPMailer)"}
{"timestamp":"2025-12-08 13:41:07","to":"merlyn.batonghinog@gmail.com","subject":"Booking Confirmed - ","success":"YES","status":"SUCCESS (PHPMailer)"}
{"timestamp":"2025-12-08 13:43:44","to":"merlyn.batonghinog@gmail.com","subject":"Payment Receipt - Booking #26","success":"YES","status":"SUCCESS (PHPMailer)"}
{"timestamp":"2025-12-08 13:46:48","to":"merlyn.batonghinog@gmail.com","subject":"Payment Receipt - Booking #26","success":"YES","status":"SUCCESS (PHPMailer)"}
{"timestamp":"2025-12-08 13:48:57","to":"merlyn.batonghinog@gmail.com","subject":"Booking Accepted - Bring Item to Shop - Booking #25","success":"YES","status":"SUCCESS (PHPMailer)"}
{"timestamp":"2025-12-08 14:19:10","to":"merlyn.batonghinog@gmail.com","subject":"Booking Accepted - Bring Item to Shop - Booking #25","success":"YES","status":"SUCCESS (PHPMailer)"}
{"timestamp":"2025-12-08 15:01:29","to":"merlyn.batonghinog@gmail.com","subject":"Booking Accepted - Bring Item to Shop - Booking #25","success":"YES","status":"SUCCESS (PHPMailer)"}
{"timestamp":"2025-12-08 15:01:57","to":"merlyn.batonghinog@gmail.com","subject":"Booking Accepted - Bring Item to Shop - Booking #25","success":"YES","status":"SUCCESS (PHPMailer)"}
{"timestamp":"2025-12-08 15:20:28","to":"merlyn.batonghinog@gmail.com","subject":"Booking Accepted - Bring Item to Shop - Booking #25","success":"YES","status":"SUCCESS (PHPMailer)"}
{"timestamp":"2025-12-08 15:20:45","to":"merlyn.batonghinog@gmail.com","subject":"Item Received - Ready for Inspection - Booking #25","success":"YES","status":"SUCCESS (PHPMailer)"}
{"timestamp":"2025-12-08 15:31:47","to":"merlyn.batonghinog@gmail.com","subject":"Payment Receipt - Booking #25","success":"YES","status":"SUCCESS (PHPMailer)"}
{"timestamp":"2025-12-08 15:49:20","to":"admin@uphocare.com","subject":"Customer Approved Preview Receipt - Booking #25","success":"YES","status":"SUCCESS (PHPMailer)"}
{"timestamp":"2025-12-08 15:49:24","to":"email@gmail.com","subject":"Customer Approved Preview Receipt - Booking #25","success":"YES","status":"SUCCESS (PHPMailer)"}
{"timestamp":"2025-12-08 15:49:29","to":"merlyn.lagrimas122021@gmail.com","subject":"Customer Approved Preview Receipt - Booking #25","success":"YES","status":"SUCCESS (PHPMailer)"}
{"timestamp":"2025-12-08 15:49:33","to":"jimskyle.infantado@bisu.edu.ph","subject":"Customer Approved Preview Receipt - Booking #25","success":"YES","status":"SUCCESS (PHPMailer)"}
{"timestamp":"2025-12-08 15:50:24","to":"merlyn.batonghinog@gmail.com","subject":"Your Item is On Its Way - Booking #25","success":"YES","status":"SUCCESS (PHPMailer)"}
{"timestamp":"2025-12-08 15:50:37","to":"merlyn.batonghinog@gmail.com","subject":"Delivery Completed - Thank You! - Booking #25","success":"YES","status":"SUCCESS (PHPMailer)"}
{"timestamp":"2025-12-08 23:19:39","to":"merlyn.batonghinog@gmail.com","subject":"Booking Confirmed - ","success":"YES","status":"SUCCESS (PHPMailer)"}
{"timestamp":"2025-12-09 00:08:54","to":"merlyn.batonghinog@gmail.com","subject":"Payment Receipt - Booking #27","success":"YES","status":"SUCCESS (PHPMailer)"}
{"timestamp":"2025-12-09 00:16:41","to":"admin@uphocare.com","subject":"Customer Approved Preview Receipt - Booking #27","success":"YES","status":"SUCCESS (PHPMailer)"}
{"timestamp":"2025-12-09 00:16:45","to":"email@gmail.com","subject":"Customer Approved Preview Receipt - Booking #27","success":"YES","status":"SUCCESS (PHPMailer)"}
{"timestamp":"2025-12-09 00:16:49","to":"merlyn.lagrimas122021@gmail.com","subject":"Customer Approved Preview Receipt - Booking #27","success":"YES","status":"SUCCESS (PHPMailer)"}
{"timestamp":"2025-12-09 00:16:53","to":"jimskyle.infantado@bisu.edu.ph","subject":"Customer Approved Preview Receipt - Booking #27","success":"YES","status":"SUCCESS (PHPMailer)"}
{"timestamp":"2025-12-09 00:23:39","to":"merlyn.batonghinog@gmail.com","subject":"Payment Receipt - Booking #27","success":"YES","status":"SUCCESS (PHPMailer)"}
{"timestamp":"2025-12-09 00:23:44","to":"merlyn.batonghinog@gmail.com","subject":"Delivery Completed - Thank You! - Booking #27","success":"YES","status":"SUCCESS (PHPMailer)"}
{"timestamp":"2025-12-09 00:25:14","to":"merlyn.batonghinog@gmail.com","subject":"Booking Confirmed - ","success":"YES","status":"SUCCESS (PHPMailer)"}
{"timestamp":"2025-12-09 08:56:48","to":"merlyn.batonghinog@gmail.com","subject":"Payment Receipt - Booking #28","success":"YES","status":"SUCCESS (PHPMailer)"}
{"timestamp":"2025-12-09 09:41:46","to":"admin@uphocare.com","subject":"Customer Approved Preview Receipt - Booking #28","success":"YES","status":"SUCCESS (PHPMailer)"}
{"timestamp":"2025-12-09 09:41:51","to":"email@gmail.com","subject":"Customer Approved Preview Receipt - Booking #28","success":"YES","status":"SUCCESS (PHPMailer)"}
{"timestamp":"2025-12-09 09:41:55","to":"merlyn.lagrimas122021@gmail.com","subject":"Customer Approved Preview Receipt - Booking #28","success":"YES","status":"SUCCESS (PHPMailer)"}
{"timestamp":"2025-12-09 09:41:59","to":"jimskyle.infantado@bisu.edu.ph","subject":"Customer Approved Preview Receipt - Booking #28","success":"YES","status":"SUCCESS (PHPMailer)"}
{"timestamp":"2025-12-09 09:42:29","to":"merlyn.batonghinog@gmail.com","subject":"Payment Receipt - Booking #28","success":"YES","status":"SUCCESS (PHPMailer)"}
{"timestamp":"2025-12-09 09:42:34","to":"merlyn.batonghinog@gmail.com","subject":"Delivery Completed - Thank You! - Booking #28","success":"YES","status":"SUCCESS (PHPMailer)"}
{"timestamp":"2025-12-09 10:58:32","to":"merlyn.batonghinog@gmail.com","subject":"Booking Confirmed - ","success":"YES","status":"SUCCESS (PHPMailer)"}
{"timestamp":"2025-12-09 12:27:46","to":"merlyn.batonghinog@gmail.com","subject":"Payment Receipt - Booking #29","success":"YES","status":"SUCCESS (PHPMailer)"}
{"timestamp":"2025-12-09 12:28:48","to":"admin@uphocare.com","subject":"Customer Approved Preview Receipt - Booking #29","success":"YES","status":"SUCCESS (PHPMailer)"}
{"timestamp":"2025-12-09 12:28:53","to":"email@gmail.com","subject":"Customer Approved Preview Receipt - Booking #29","success":"YES","status":"SUCCESS (PHPMailer)"}
{"timestamp":"2025-12-09 12:28:57","to":"merlyn.lagrimas122021@gmail.com","subject":"Customer Approved Preview Receipt - Booking #29","success":"YES","status":"SUCCESS (PHPMailer)"}
{"timestamp":"2025-12-09 12:29:02","to":"jimskyle.infantado@bisu.edu.ph","subject":"Customer Approved Preview Receipt - Booking #29","success":"YES","status":"SUCCESS (PHPMailer)"}
{"timestamp":"2025-12-09 12:29:47","to":"merlyn.batonghinog@gmail.com","subject":"Payment Receipt - Booking #29","success":"YES","status":"SUCCESS (PHPMailer)"}
{"timestamp":"2025-12-09 12:29:50","to":"merlyn.batonghinog@gmail.com","subject":"Delivery Completed - Thank You! - Booking #29","success":"YES","status":"SUCCESS (PHPMailer)"}
{"timestamp":"2025-12-09 15:23:50","to":"merlyn.batonghinog@gmail.com","subject":"Booking Confirmed - ","success":"YES","status":"SUCCESS (PHPMailer)"}
{"timestamp":"2025-12-09 15:33:42","to":"merlyn.batonghinog@gmail.com","subject":"Booking Confirmed - ","success":"YES","status":"SUCCESS (PHPMailer)"}
{"timestamp":"2025-12-09 15:33:57","to":"merlyn.batonghinog@gmail.com","subject":"Reminder: Bring Your Item to Shop - Booking #31","success":"YES","status":"SUCCESS (PHPMailer)"}
{"timestamp":"2025-12-09 15:50:17","to":"merlyn.batonghinog@gmail.com","subject":"Payment Receipt - Booking #30","success":"YES","status":"SUCCESS (PHPMailer)"}
{"timestamp":"2025-12-09 16:38:48","to":"merlyn.batonghinog@gmail.com","subject":"Item Received - Ready for Inspection - Booking #31","success":"YES","status":"SUCCESS (PHPMailer)"}
{"timestamp":"2025-12-09 16:46:15","to":"merlyn.batonghinog@gmail.com","subject":"Payment Receipt - Booking #31","success":"YES","status":"SUCCESS (PHPMailer)"}
{"timestamp":"2025-12-09 16:46:56","to":"admin@uphocare.com","subject":"Customer Approved Preview Receipt - Booking #31","success":"YES","status":"SUCCESS (PHPMailer)"}
{"timestamp":"2025-12-09 16:47:01","to":"email@gmail.com","subject":"Customer Approved Preview Receipt - Booking #31","success":"YES","status":"SUCCESS (PHPMailer)"}
{"timestamp":"2025-12-09 16:47:05","to":"merlyn.lagrimas122021@gmail.com","subject":"Customer Approved Preview Receipt - Booking #31","success":"YES","status":"SUCCESS (PHPMailer)"}
{"timestamp":"2025-12-09 16:47:09","to":"jimskyle.infantado@bisu.edu.ph","subject":"Customer Approved Preview Receipt - Booking #31","success":"YES","status":"SUCCESS (PHPMailer)"}
{"timestamp":"2025-12-09 17:47:58","to":"merlyn.batonghinog@gmail.com","subject":"Your Item is On Its Way - Booking #31","success":"YES","status":"SUCCESS (PHPMailer)"}
{"timestamp":"2025-12-09 17:48:08","to":"merlyn.batonghinog@gmail.com","subject":"Delivery Completed - Thank You! - Booking #31","success":"YES","status":"SUCCESS (PHPMailer)"}
{"timestamp":"2025-12-09 17:48:31","to":"admin@uphocare.com","subject":"Customer Approved Preview Receipt - Booking #30","success":"YES","status":"SUCCESS (PHPMailer)"}
{"timestamp":"2025-12-09 17:48:36","to":"email@gmail.com","subject":"Customer Approved Preview Receipt - Booking #30","success":"YES","status":"SUCCESS (PHPMailer)"}
{"timestamp":"2025-12-09 17:48:41","to":"merlyn.lagrimas122021@gmail.com","subject":"Customer Approved Preview Receipt - Booking #30","success":"YES","status":"SUCCESS (PHPMailer)"}
{"timestamp":"2025-12-09 17:48:45","to":"jimskyle.infantado@bisu.edu.ph","subject":"Customer Approved Preview Receipt - Booking #30","success":"YES","status":"SUCCESS (PHPMailer)"}
{"timestamp":"2025-12-09 17:49:24","to":"merlyn.batonghinog@gmail.com","subject":"Your Item is On Its Way - Booking #30","success":"YES","status":"SUCCESS (PHPMailer)"}
{"timestamp":"2025-12-09 17:49:39","to":"merlyn.batonghinog@gmail.com","subject":"Delivery Completed - Thank You! - Booking #30","success":"YES","status":"SUCCESS (PHPMailer)"}
{"timestamp":"2025-12-09 18:01:58","to":"merlyn.batonghinog@gmail.com","subject":"Booking Confirmed - ","success":"YES","status":"SUCCESS (PHPMailer)"}
{"timestamp":"2025-12-09 18:08:05","to":"merlyn.batonghinog@gmail.com","subject":"Payment Receipt - Booking #32","success":"YES","status":"SUCCESS (PHPMailer)"}
{"timestamp":"2025-12-09 19:16:53","to":"admin@uphocare.com","subject":"Customer Approved Preview Receipt - Booking #32","success":"YES","status":"SUCCESS (PHPMailer)"}
{"timestamp":"2025-12-09 19:16:57","to":"email@gmail.com","subject":"Customer Approved Preview Receipt - Booking #32","success":"YES","status":"SUCCESS (PHPMailer)"}
{"timestamp":"2025-12-09 19:17:01","to":"merlyn.lagrimas122021@gmail.com","subject":"Customer Approved Preview Receipt - Booking #32","success":"YES","status":"SUCCESS (PHPMailer)"}
{"timestamp":"2025-12-09 19:17:05","to":"jimskyle.infantado@bisu.edu.ph","subject":"Customer Approved Preview Receipt - Booking #32","success":"YES","status":"SUCCESS (PHPMailer)"}
{"timestamp":"2025-12-10 14:27:40","to":"merlyn.batonghinog@gmail.com","subject":"Booking Confirmed - ","success":"YES","status":"SUCCESS (PHPMailer)"}
{"timestamp":"2025-12-10 14:29:19","to":"merlyn.batonghinog@gmail.com","subject":"Payment Receipt - Booking #33","success":"YES","status":"SUCCESS (PHPMailer)"}
{"timestamp":"2025-12-10 14:29:44","to":"admin@uphocare.com","subject":"Customer Approved Preview Receipt - Booking #33","success":"YES","status":"SUCCESS (PHPMailer)"}
{"timestamp":"2025-12-10 14:29:49","to":"email@gmail.com","subject":"Customer Approved Preview Receipt - Booking #33","success":"YES","status":"SUCCESS (PHPMailer)"}
{"timestamp":"2025-12-10 14:29:53","to":"merlyn.lagrimas122021@gmail.com","subject":"Customer Approved Preview Receipt - Booking #33","success":"YES","status":"SUCCESS (PHPMailer)"}
{"timestamp":"2025-12-10 14:29:58","to":"jimskyle.infantado@bisu.edu.ph","subject":"Customer Approved Preview Receipt - Booking #33","success":"YES","status":"SUCCESS (PHPMailer)"}
{"timestamp":"2025-12-10 14:30:31","to":"merlyn.batonghinog@gmail.com","subject":"Your Item is On Its Way - Booking #33","success":"YES","status":"SUCCESS (PHPMailer)"}
{"timestamp":"2025-12-10 14:30:50","to":"merlyn.batonghinog@gmail.com","subject":"Delivery Completed - Thank You! - Booking #33","success":"YES","status":"SUCCESS (PHPMailer)"}
{"timestamp":"2025-12-10 16:28:37","to":"jhonaldogutas@gmail.com","subject":"Admin Account Approved - Verification Code - UphoCare","success":"NO","status":"PHPMailer Error: SMTP Error: Could not connect to SMTP host. Failed to connect to server"}
{"timestamp":"2025-12-10 16:32:43","to":"jhonaldogutas@gmail.com","subject":"Admin Account Approved - Verification Code - UphoCare","success":"YES","status":"SUCCESS (PHPMailer)"}
{"timestamp":"2025-12-10 16:34:43","to":"aedronsydn@gmail.com","subject":"Admin Account Approved - Verification Code - UphoCare","success":"YES","status":"SUCCESS (PHPMailer)"}
{"timestamp":"2025-12-10 16:42:04","to":"lae.maglajos1995@gmail.com","subject":"Admin Account Approved - Verification Code - UphoCare","success":"YES","status":"SUCCESS (PHPMailer)"}
{"timestamp":"2025-12-10 16:42:12","to":"lae.maglajos1995@gmail.com","subject":"Admin Account Approved - Verification Code - UphoCare","success":"YES","status":"SUCCESS (PHPMailer)"}
{"timestamp":"2025-12-10 16:45:46","to":"cubilloefren004@gmail.com","subject":"Admin Account Approved - Verification Code - UphoCare","success":"YES","status":"SUCCESS (PHPMailer)"}
{"timestamp":"2025-12-10 16:45:53","to":"cubilloefren004@gmail.com","subject":"Admin Account Approved - Verification Code - UphoCare","success":"YES","status":"SUCCESS (PHPMailer)"}
{"timestamp":"2025-12-10 17:03:03","to":"aedronsydn@gmail.com","subject":"Booking Confirmed - ","success":"YES","status":"SUCCESS (PHPMailer)"}
{"timestamp":"2025-12-10 17:11:03","to":"merlyn.batonghinog@gmail.com","subject":"Payment Receipt - Booking #32","success":"YES","status":"SUCCESS (PHPMailer)"}
{"timestamp":"2025-12-10 17:11:09","to":"merlyn.batonghinog@gmail.com","subject":"Delivery Completed - Thank You! - Booking #32","success":"YES","status":"SUCCESS (PHPMailer)"}
{"timestamp":"2026-01-23 09:17:03","to":"merlyn.villame2001@gmail.com","subject":"Admin Account Approved - Verification Code - UphoCare","success":"YES","status":"SUCCESS (PHPMailer)"}
{"timestamp":"2026-01-23 09:22:21","to":"merlyn.villame2001@gmail.com","subject":"Admin Account Approved - Verification Code - UphoCare","success":"YES","status":"SUCCESS (PHPMailer)"}
{"timestamp":"2026-01-23 09:32:46","to":"merlyn.villame2001@gmail.com","subject":"Booking Confirmed - ","success":"YES","status":"SUCCESS (PHPMailer)"}
{"timestamp":"2026-01-23 10:07:09","to":"merlyn.villame2001@gmail.com","subject":"Booking Confirmed - ","success":"YES","status":"SUCCESS (PHPMailer)"}
{"timestamp":"2026-02-08 12:19:30","to":"lae.maglajos1995@gmail.com","subject":"Admin Account Registration Rejected - UphoCare","success":"YES","status":"SUCCESS (PHPMailer)"}
{"timestamp":"2026-02-18 00:16:51","to":"jhonaldogutas@gmail.com","subject":"Admin Account Approved - Verification Code - UphoCare","success":"YES","status":"SUCCESS (PHPMailer)"}
{"timestamp":"2026-02-20 09:21:21","to":"jhonaldogutas@gmail.com","subject":"Admin Account Approved - Verification Code - UphoCare","success":"YES","status":"SUCCESS (PHPMailer)"}
